android-google/build/intermediates/manifest_merge_blame_file/debug/manifest-merger-blame-debug-report.txt
1<?xml version="1.0" encoding="utf-8"?>
2<manifest xmlns:android="http://schemas.android.com/apk/res/android"
3    package="cn.jiguang.plugins.core"
4    android:versionCode="1"
5    android:versionName="1.0" >
6
7    <uses-sdk
8        android:minSdkVersion="21"
8-->src/main/AndroidManifest.xml
9        android:targetSdkVersion="27" />
9-->src/main/AndroidManifest.xml
10
11    <application>
11-->src/main/AndroidManifest.xml:4:5-47:19
12        <receiver
12-->src/main/AndroidManifest.xml:6:9-8:40
13            android:name="cn.jpush.android.service.AlarmReceiver"
13-->src/main/AndroidManifest.xml:7:13-66
14            android:exported="false" />
14-->src/main/AndroidManifest.xml:8:13-37
15        <receiver
15-->src/main/AndroidManifest.xml:10:9-28:20
16            android:name="cn.jpush.android.service.PushReceiver"
16-->src/main/AndroidManifest.xml:11:13-65
17            android:enabled="true"
17-->src/main/AndroidManifest.xml:12:13-35
18            android:exported="false" >
18-->src/main/AndroidManifest.xml:13:13-37
19            <intent-filter android:priority="1000" >
20                <action android:name="cn.jpush.android.intent.NOTIFICATION_RECEIVED_PROXY" />
20-->src/main/AndroidManifest.xml:15:17-94
20-->src/main/AndroidManifest.xml:15:25-91
21
22                <category android:name="dollar_openBracket_applicationId_closeBracket" />
23            </intent-filter>
24            <intent-filter>
24-->src/main/AndroidManifest.xml:18:13-21:29
25                <action android:name="android.intent.action.USER_PRESENT" />
25-->src/main/AndroidManifest.xml:19:17-77
25-->src/main/AndroidManifest.xml:19:25-74
26                <action android:name="android.net.conn.CONNECTIVITY_CHANGE" />
26-->src/main/AndroidManifest.xml:20:17-79
26-->src/main/AndroidManifest.xml:20:25-76
27            </intent-filter>
28            <intent-filter>
28-->src/main/AndroidManifest.xml:22:13-27:29
29                <action android:name="android.intent.action.PACKAGE_ADDED" />
29-->src/main/AndroidManifest.xml:23:17-78
29-->src/main/AndroidManifest.xml:23:25-75
30                <action android:name="android.intent.action.PACKAGE_REMOVED" />
30-->src/main/AndroidManifest.xml:24:17-80
30-->src/main/AndroidManifest.xml:24:25-77
31
32                <data android:scheme="package" />
32-->src/main/AndroidManifest.xml:26:17-50
32-->src/main/AndroidManifest.xml:26:23-47
33            </intent-filter>
34        </receiver>
35
36        <service
36-->src/main/AndroidManifest.xml:30:9-39:19
37            android:name="cn.jpush.android.service.PushService"
37-->src/main/AndroidManifest.xml:31:13-64
38            android:exported="false" >
38-->src/main/AndroidManifest.xml:32:13-37
39            <intent-filter>
39-->src/main/AndroidManifest.xml:33:13-38:29
40                <action android:name="cn.jpush.android.intent.REGISTER" />
40-->src/main/AndroidManifest.xml:34:17-75
40-->src/main/AndroidManifest.xml:34:25-72
41                <action android:name="cn.jpush.android.intent.REPORT" />
41-->src/main/AndroidManifest.xml:35:17-73
41-->src/main/AndroidManifest.xml:35:25-70
42                <action android:name="cn.jpush.android.intent.PushService" />
42-->src/main/AndroidManifest.xml:36:17-78
42-->src/main/AndroidManifest.xml:36:25-75
43                <action android:name="cn.jpush.android.intent.PUSH_TIME" />
43-->src/main/AndroidManifest.xml:37:17-76
43-->src/main/AndroidManifest.xml:37:25-73
44            </intent-filter>
45        </service>
46        <service android:name="cn.jiguang.plugins.service.JCoreModuleService" >
46-->src/main/AndroidManifest.xml:41:9-45:19
46-->src/main/AndroidManifest.xml:41:18-78
47            <intent-filter>
47-->src/main/AndroidManifest.xml:42:13-44:29
48                <action android:name="cn.jiguang.user.service.action" />
48-->src/main/AndroidManifest.xml:43:17-73
48-->src/main/AndroidManifest.xml:43:25-70
49            </intent-filter>
50        </service>
51    </application>
52
53</manifest>